#
# There is insufficient memory for the Java Runtime Environment to continue.
# Native memory allocation (malloc) failed to allocate 131216 bytes for Chunk::new
# Possible reasons:
#   The system is out of physical RAM or swap space
#   In 32 bit mode, the process size limit was hit
# Possible solutions:
#   Reduce memory load on the system
#   Increase physical memory or swap space
#   Check if swap backing store is full
#   Use 64 bit Java on a 64 bit OS
#   Decrease Java heap size (-Xmx/-Xms)
#   Decrease number of Java threads
#   Decrease Java thread stack sizes (-Xss)
#   Set larger code cache with -XX:ReservedCodeCacheSize=
# This output file may be truncated or incomplete.
#
#  Out of Memory Error (allocation.cpp:390), pid=3964, tid=4412
#
# JRE version: Java(TM) SE Runtime Environment (8.0_31-b13) (build 1.8.0_31-b13)
# Java VM: Java HotSpot(TM) 64-Bit Server VM (25.31-b07 mixed mode windows-amd64 compressed oops)
# Failed to write core dump. Minidumps are not enabled by default on client versions of Windows
#

---------------  T H R E A D  ---------------

Current thread (0x0000000015257000):  JavaThread "C2 CompilerThread0" daemon [_thread_in_native, id=4412, stack(0x00000000167b0000,0x00000000168b0000)]

Stack: [0x00000000167b0000,0x00000000168b0000]
Native frames: (J=compiled Java code, j=interpreted, Vv=VM code, C=native code)
V  [jvm.dll+0x3169ba]


Current CompileTask:
C2:   9829 1811       4       com.android.dx.cf.code.Merger::isPossiblyAssignableFrom (202 bytes)


---------------  P R O C E S S  ---------------

Java Threads: ( => current thread )
  0x0000000016eec800 JavaThread "pool-1-thread-4" [_thread_in_vm, id=5044, stack(0x00000000174b0000,0x00000000175b0000)]
  0x0000000016eea000 JavaThread "pool-1-thread-3" [_thread_in_Java, id=3668, stack(0x00000000173b0000,0x00000000174b0000)]
  0x0000000016ee8000 JavaThread "pool-1-thread-2" [_thread_in_Java, id=3328, stack(0x00000000172b0000,0x00000000173b0000)]
  0x0000000017076000 JavaThread "pool-2-thread-1" [_thread_blocked, id=2640, stack(0x00000000171b0000,0x00000000172b0000)]
  0x0000000017073800 JavaThread "pool-1-thread-1" [_thread_in_Java, id=2916, stack(0x00000000170b0000,0x00000000171b0000)]
  0x00000000152a9800 JavaThread "Service Thread" daemon [_thread_blocked, id=3792, stack(0x0000000016ab0000,0x0000000016bb0000)]
  0x000000001529f800 JavaThread "C1 CompilerThread2" daemon [_thread_blocked, id=1112, stack(0x00000000169b0000,0x0000000016ab0000)]
  0x000000001529c800 JavaThread "C2 CompilerThread1" daemon [_thread_in_native, id=4928, stack(0x00000000168b0000,0x00000000169b0000)]
=>0x0000000015257000 JavaThread "C2 CompilerThread0" daemon [_thread_in_native, id=4412, stack(0x00000000167b0000,0x00000000168b0000)]
  0x0000000015256000 JavaThread "Attach Listener" daemon [_thread_blocked, id=4068, stack(0x00000000166b0000,0x00000000167b0000)]
  0x0000000015254000 JavaThread "Signal Dispatcher" daemon [_thread_blocked, id=3560, stack(0x00000000165b0000,0x00000000166b0000)]
  0x0000000002a74800 JavaThread "Finalizer" daemon [_thread_blocked, id=2252, stack(0x00000000164b0000,0x00000000165b0000)]
  0x0000000015218800 JavaThread "Reference Handler" daemon [_thread_blocked, id=4108, stack(0x00000000163b0000,0x00000000164b0000)]
  0x0000000002980800 JavaThread "main" [_thread_in_Java, id=3436, stack(0x00000000027b0000,0x00000000028b0000)]

Other Threads:
  0x0000000015215800 VMThread [stack: 0x00000000162b0000,0x00000000163b0000] [id=3480]
  0x00000000152ad000 WatcherThread [stack: 0x0000000016bb0000,0x0000000016cb0000] [id=2124]

VM state:not at safepoint (normal execution)

VM Mutex/Monitor currently owned by a thread: None

Heap:
 PSYoungGen      total 68096K, used 33336K [0x00000000eab00000, 0x00000000ef000000, 0x0000000100000000)
  eden space 65536K, 46% used [0x00000000eab00000,0x00000000ec913dd8,0x00000000eeb00000)
  from space 2560K, 99% used [0x00000000eed80000,0x00000000eeffa228,0x00000000ef000000)
  to   space 2560K, 0% used [0x00000000eeb00000,0x00000000eeb00000,0x00000000eed80000)
 ParOldGen       total 44032K, used 13059K [0x00000000c0000000, 0x00000000c2b00000, 0x00000000eab00000)
  object space 44032K, 29% used [0x00000000c0000000,0x00000000c0cc0d20,0x00000000c2b00000)
 Metaspace       used 6247K, capacity 7152K, committed 7296K, reserved 1056768K
  class space    used 593K, capacity 616K, committed 640K, reserved 1048576K

Card table byte_map: [0x0000000011f40000,0x0000000012150000] byte_map_base: 0x0000000011940000

Marking Bits: (ParMarkBitMap*) 0x000000006744d4f0
 Begin Bits: [0x00000000126b0000, 0x00000000136b0000)
 End Bits:   [0x00000000136b0000, 0x00000000146b0000)

Polling page: 0x0000000000f20000

CodeCache: size=245760Kb used=7867Kb max_used=7878Kb free=237892Kb
 bounds [0x0000000002b80000, 0x0000000003340000, 0x0000000011b80000]
 total_blobs=2031 nmethods=1766 adapters=178
 compilation: enabled

Compilation events (10 events):
Event: 9.808 Thread 0x000000001529f800 1813       3       com.android.dx.util.ByteArray::getByte (14 bytes)
Event: 9.809 Thread 0x000000001529f800 nmethod 1813 0x0000000003332650 code [0x00000000033327c0, 0x0000000003332a08]
Event: 9.812 Thread 0x0000000015257000 nmethod 1807 0x000000000331d450 code [0x000000000331d5c0, 0x000000000331d9d8]
Event: 9.812 Thread 0x0000000015257000 1808       4       java.util.TreeMap::successor (66 bytes)
Event: 9.815 Thread 0x0000000015257000 nmethod 1808 0x0000000003332310 code [0x0000000003332440, 0x00000000033324f8]
Event: 9.815 Thread 0x0000000015257000 1810       4       com.android.dx.rop.code.SourcePosition::<init> (50 bytes)
Event: 9.816 Thread 0x0000000015257000 nmethod 1810 0x00000000032e2d10 code [0x00000000032e2e40, 0x00000000032e2ed8]
Event: 9.816 Thread 0x0000000015257000 1812       4       com.android.dx.cf.code.BasicBlocker::addWorkIfNecessary (32 bytes)
Event: 9.819 Thread 0x0000000015257000 nmethod 1812 0x000000000331cfd0 code [0x000000000331d120, 0x000000000331d258]
Event: 9.819 Thread 0x0000000015257000 1811       4       com.android.dx.cf.code.Merger::isPossiblyAssignableFrom (202 bytes)

GC Heap History (8 events):
Event: 3.333 GC heap before
{Heap before GC invocations=1 (full 0):
 PSYoungGen      total 18944K, used 16384K [0x00000000eab00000, 0x00000000ec000000, 0x0000000100000000)
  eden space 16384K, 100% used [0x00000000eab00000,0x00000000ebb00000,0x00000000ebb00000)
  from space 2560K, 0% used [0x00000000ebd80000,0x00000000ebd80000,0x00000000ec000000)
  to   space 2560K, 0% used [0x00000000ebb00000,0x00000000ebb00000,0x00000000ebd80000)
 ParOldGen       total 44032K, used 0K [0x00000000c0000000, 0x00000000c2b00000, 0x00000000eab00000)
  object space 44032K, 0% used [0x00000000c0000000,0x00000000c0000000,0x00000000c2b00000)
 Metaspace       used 5440K, capacity 6448K, committed 6528K, reserved 1056768K
  class space    used 587K, capacity 616K, committed 640K, reserved 1048576K
Event: 3.424 GC heap after
Heap after GC invocations=1 (full 0):
 PSYoungGen      total 18944K, used 2538K [0x00000000eab00000, 0x00000000ed000000, 0x0000000100000000)
  eden space 16384K, 0% used [0x00000000eab00000,0x00000000eab00000,0x00000000ebb00000)
  from space 2560K, 99% used [0x00000000ebb00000,0x00000000ebd7aaa8,0x00000000ebd80000)
  to   space 2560K, 0% used [0x00000000ecd80000,0x00000000ecd80000,0x00000000ed000000)
 ParOldGen       total 44032K, used 965K [0x00000000c0000000, 0x00000000c2b00000, 0x00000000eab00000)
  object space 44032K, 2% used [0x00000000c0000000,0x00000000c00f1730,0x00000000c2b00000)
 Metaspace       used 5440K, capacity 6448K, committed 6528K, reserved 1056768K
  class space    used 587K, capacity 616K, committed 640K, reserved 1048576K
}
Event: 5.463 GC heap before
{Heap before GC invocations=2 (full 0):
 PSYoungGen      total 18944K, used 18922K [0x00000000eab00000, 0x00000000ed000000, 0x0000000100000000)
  eden space 16384K, 100% used [0x00000000eab00000,0x00000000ebb00000,0x00000000ebb00000)
  from space 2560K, 99% used [0x00000000ebb00000,0x00000000ebd7aaa8,0x00000000ebd80000)
  to   space 2560K, 0% used [0x00000000ecd80000,0x00000000ecd80000,0x00000000ed000000)
 ParOldGen       total 44032K, used 965K [0x00000000c0000000, 0x00000000c2b00000, 0x00000000eab00000)
  object space 44032K, 2% used [0x00000000c0000000,0x00000000c00f1730,0x00000000c2b00000)
 Metaspace       used 6038K, capacity 6960K, committed 7040K, reserved 1056768K
  class space    used 592K, capacity 616K, committed 640K, reserved 1048576K
Event: 5.645 GC heap after
Heap after GC invocations=2 (full 0):
 PSYoungGen      total 35328K, used 2540K [0x00000000eab00000, 0x00000000ed000000, 0x0000000100000000)
  eden space 32768K, 0% used [0x00000000eab00000,0x00000000eab00000,0x00000000ecb00000)
  from space 2560K, 99% used [0x00000000ecd80000,0x00000000ecffb108,0x00000000ed000000)
  to   space 2560K, 0% used [0x00000000ecb00000,0x00000000ecb00000,0x00000000ecd80000)
 ParOldGen       total 44032K, used 2772K [0x00000000c0000000, 0x00000000c2b00000, 0x00000000eab00000)
  object space 44032K, 6% used [0x00000000c0000000,0x00000000c02b53d8,0x00000000c2b00000)
 Metaspace       used 6038K, capacity 6960K, committed 7040K, reserved 1056768K
  class space    used 592K, capacity 616K, committed 640K, reserved 1048576K
}
Event: 6.599 GC heap before
{Heap before GC invocations=3 (full 0):
 PSYoungGen      total 35328K, used 35308K [0x00000000eab00000, 0x00000000ed000000, 0x0000000100000000)
  eden space 32768K, 100% used [0x00000000eab00000,0x00000000ecb00000,0x00000000ecb00000)
  from space 2560K, 99% used [0x00000000ecd80000,0x00000000ecffb108,0x00000000ed000000)
  to   space 2560K, 0% used [0x00000000ecb00000,0x00000000ecb00000,0x00000000ecd80000)
 ParOldGen       total 44032K, used 2772K [0x00000000c0000000, 0x00000000c2b00000, 0x00000000eab00000)
  object space 44032K, 6% used [0x00000000c0000000,0x00000000c02b53d8,0x00000000c2b00000)
 Metaspace       used 6170K, capacity 7088K, committed 7296K, reserved 1056768K
  class space    used 592K, capacity 616K, committed 640K, reserved 1048576K
Event: 6.758 GC heap after
Heap after GC invocations=3 (full 0):
 PSYoungGen      total 35328K, used 2536K [0x00000000eab00000, 0x00000000ef000000, 0x0000000100000000)
  eden space 32768K, 0% used [0x00000000eab00000,0x00000000eab00000,0x00000000ecb00000)
  from space 2560K, 99% used [0x00000000ecb00000,0x00000000ecd7a208,0x00000000ecd80000)
  to   space 2560K, 0% used [0x00000000eed80000,0x00000000eed80000,0x00000000ef000000)
 ParOldGen       total 44032K, used 8335K [0x00000000c0000000, 0x00000000c2b00000, 0x00000000eab00000)
  object space 44032K, 18% used [0x00000000c0000000,0x00000000c0823f80,0x00000000c2b00000)
 Metaspace       used 6170K, capacity 7088K, committed 7296K, reserved 1056768K
  class space    used 592K, capacity 616K, committed 640K, reserved 1048576K
}
Event: 7.829 GC heap before
{Heap before GC invocations=4 (full 0):
 PSYoungGen      total 35328K, used 35304K [0x00000000eab00000, 0x00000000ef000000, 0x0000000100000000)
  eden space 32768K, 100% used [0x00000000eab00000,0x00000000ecb00000,0x00000000ecb00000)
  from space 2560K, 99% used [0x00000000ecb00000,0x00000000ecd7a208,0x00000000ecd80000)
  to   space 2560K, 0% used [0x00000000eed80000,0x00000000eed80000,0x00000000ef000000)
 ParOldGen       total 44032K, used 8335K [0x00000000c0000000, 0x00000000c2b00000, 0x00000000eab00000)
  object space 44032K, 18% used [0x00000000c0000000,0x00000000c0823f80,0x00000000c2b00000)
 Metaspace       used 6214K, capacity 7088K, committed 7296K, reserved 1056768K
  class space    used 592K, capacity 616K, committed 640K, reserved 1048576K
Event: 7.932 GC heap after
Heap after GC invocations=4 (full 0):
 PSYoungGen      total 68096K, used 2536K [0x00000000eab00000, 0x00000000ef000000, 0x0000000100000000)
  eden space 65536K, 0% used [0x00000000eab00000,0x00000000eab00000,0x00000000eeb00000)
  from space 2560K, 99% used [0x00000000eed80000,0x00000000eeffa228,0x00000000ef000000)
  to   space 2560K, 0% used [0x00000000eeb00000,0x00000000eeb00000,0x00000000eed80000)
 ParOldGen       total 44032K, used 13059K [0x00000000c0000000, 0x00000000c2b00000, 0x00000000eab00000)
  object space 44032K, 29% used [0x00000000c0000000,0x00000000c0cc0d20,0x00000000c2b00000)
 Metaspace       used 6214K, capacity 7088K, committed 7296K, reserved 1056768K
  class space    used 592K, capacity 616K, committed 640K, reserved 1048576K
}

Deoptimization events (10 events):
Event: 5.767 Thread 0x0000000016eea000 Uncommon trap: reason=bimorphic action=maybe_recompile pc=0x00000000031302b8 method=com.android.dx.cf.code.BytecodeArray.parseInstruction(ILcom/android/dx/cf/code/BytecodeArray$Visitor;)I @ 2484
Event: 6.256 Thread 0x0000000017073800 Uncommon trap: reason=unreached action=reinterpret pc=0x000000000313e48c method=com.android.dx.ssa.SCCP.simulateBranch(Lcom/android/dx/ssa/SsaInsn;)V @ 132
Event: 6.409 Thread 0x0000000016eea000 Uncommon trap: reason=unreached action=reinterpret pc=0x000000000301161c method=com.android.dx.rop.cst.Constant.compareTo(Lcom/android/dx/rop/cst/Constant;)I @ 12
Event: 6.442 Thread 0x0000000002980800 Uncommon trap: reason=unloaded action=reinterpret pc=0x0000000003083d6c method=com.android.dx.cf.cst.ConstantPoolParser.parse0(ILjava/util/BitSet;)Lcom/android/dx/rop/cst/Constant; @ 198
Event: 6.517 Thread 0x0000000016eea000 Uncommon trap: reason=unreached action=reinterpret pc=0x000000000315d384 method=com.android.dx.ssa.LocalVariableExtractor.processBlock(I)V @ 251
Event: 6.803 Thread 0x0000000016ee8000 Uncommon trap: reason=uninitialized action=reinterpret pc=0x0000000003130cc0 method=com.android.dx.cf.code.BytecodeArray.parseInstruction(ILcom/android/dx/cf/code/BytecodeArray$Visitor;)I @ 999
Event: 6.840 Thread 0x0000000016ee8000 Uncommon trap: reason=bimorphic action=maybe_recompile pc=0x000000000304e2b4 method=java.util.HashMap.putVal(ILjava/lang/Object;Ljava/lang/Object;ZZ)Ljava/lang/Object; @ 203
Event: 8.215 Thread 0x0000000016eea000 Uncommon trap: reason=unloaded action=reinterpret pc=0x0000000003185f24 method=com.android.dx.ssa.LiteralOpUpgrader$1.visitNonMoveInsn(Lcom/android/dx/ssa/NormalSsaInsn;)V @ 72
Event: 8.217 Thread 0x0000000016eea000 Uncommon trap: reason=unreached action=reinterpret pc=0x000000000301fc5c method=com.android.dx.ssa.SsaMethod.updateOneDefinition(Lcom/android/dx/ssa/SsaInsn;Lcom/android/dx/rop/code/RegisterSpec;)V @ 4
Event: 8.283 Thread 0x0000000016eea000 Uncommon trap: reason=unreached action=reinterpret pc=0x00000000032aedc8 method=com.android.dx.cf.code.RopperMachine.run(Lcom/android/dx/cf/code/Frame;II)V @ 1500

Internal exceptions (10 events):
Event: 3.160 Thread 0x0000000017073800 Exception <a 'java/security/PrivilegedActionException'> (0x00000000eb96c630) thrown at [C:\workspace\8-2-build-windows-amd64-cygwin\jdk8u31\2394\hotspot\src\share\vm\prims\jvm.cpp, line 1312]
Event: 3.187 Thread 0x0000000016eec800 Exception <a 'java/security/PrivilegedActionException'> (0x00000000eb85ba30) thrown at [C:\workspace\8-2-build-windows-amd64-cygwin\jdk8u31\2394\hotspot\src\share\vm\prims\jvm.cpp, line 1312]
Event: 3.495 Thread 0x0000000016eec800 Exception <a 'java/security/PrivilegedActionException'> (0x00000000eac0aae8) thrown at [C:\workspace\8-2-build-windows-amd64-cygwin\jdk8u31\2394\hotspot\src\share\vm\prims\jvm.cpp, line 1312]
Event: 3.755 Thread 0x0000000016eec800 Exception <a 'java/security/PrivilegedActionException'> (0x00000000eace2dc0) thrown at [C:\workspace\8-2-build-windows-amd64-cygwin\jdk8u31\2394\hotspot\src\share\vm\prims\jvm.cpp, line 1312]
Event: 3.779 Thread 0x0000000016eea000 Exception <a 'java/security/PrivilegedActionException'> (0x00000000eae0e0c8) thrown at [C:\workspace\8-2-build-windows-amd64-cygwin\jdk8u31\2394\hotspot\src\share\vm\prims\jvm.cpp, line 1312]
Event: 4.454 Thread 0x0000000017073800 Exception <a 'java/security/PrivilegedActionException'> (0x00000000eb2c1a78) thrown at [C:\workspace\8-2-build-windows-amd64-cygwin\jdk8u31\2394\hotspot\src\share\vm\prims\jvm.cpp, line 1312]
Event: 4.608 Thread 0x0000000016eea000 Exception <a 'java/security/PrivilegedActionException'> (0x00000000eb43d280) thrown at [C:\workspace\8-2-build-windows-amd64-cygwin\jdk8u31\2394\hotspot\src\share\vm\prims\jvm.cpp, line 1312]
Event: 6.068 Thread 0x0000000002980800 Exception <a 'java/security/PrivilegedActionException'> (0x00000000eb800a38) thrown at [C:\workspace\8-2-build-windows-amd64-cygwin\jdk8u31\2394\hotspot\src\share\vm\prims\jvm.cpp, line 1312]
Event: 8.216 Thread 0x0000000016eea000 Exception <a 'java/security/PrivilegedActionException'> (0x00000000eb3fa330) thrown at [C:\workspace\8-2-build-windows-amd64-cygwin\jdk8u31\2394\hotspot\src\share\vm\prims\jvm.cpp, line 1312]
Event: 9.201 Thread 0x0000000016ee8000 Exception <a 'java/security/PrivilegedActionException'> (0x00000000ebb3c6f0) thrown at [C:\workspace\8-2-build-windows-amd64-cygwin\jdk8u31\2394\hotspot\src\share\vm\prims\jvm.cpp, line 1312]

Events (10 events):
Event: 8.216 Thread 0x0000000016eea000 DEOPT PACKING pc=0x0000000003185f24 sp=0x00000000174ae6e0
Event: 8.216 Thread 0x0000000016eea000 DEOPT UNPACKING pc=0x0000000002bc556a sp=0x00000000174ae698 mode 2
Event: 8.217 Thread 0x0000000016eea000 Uncommon trap: trap_request=0xffffffad fr.pc=0x000000000301fc5c
Event: 8.217 Thread 0x0000000016eea000 DEOPT PACKING pc=0x000000000301fc5c sp=0x00000000174ae510
Event: 8.217 Thread 0x0000000016eea000 DEOPT UNPACKING pc=0x0000000002bc556a sp=0x00000000174ae4b8 mode 2
Event: 8.283 Thread 0x0000000016eea000 Uncommon trap: trap_request=0xffffffad fr.pc=0x00000000032aedc8
Event: 8.283 Thread 0x0000000016eea000 DEOPT PACKING pc=0x00000000032aedc8 sp=0x00000000174adfd0
Event: 8.283 Thread 0x0000000016eea000 DEOPT UNPACKING pc=0x0000000002bc556a sp=0x00000000174adf88 mode 2
Event: 9.201 loading class com/android/dx/rop/code/RegisterSpec$1
Event: 9.201 loading class com/android/dx/rop/code/RegisterSpec$1 done


Dynamic libraries:
0x00007ff6821d0000 - 0x00007ff682204000 	C:\Program Files\Java\jdk1.8.0_31\bin\java.exe
0x00007ffe05530000 - 0x00007ffe056dd000 	C:\Windows\SYSTEM32\ntdll.dll
0x00007ffe04ed0000 - 0x00007ffe0500e000 	C:\Windows\system32\KERNEL32.DLL
0x00007ffe02750000 - 0x00007ffe02865000 	C:\Windows\system32\KERNELBASE.dll
0x00007ffe01220000 - 0x00007ffe012ae000 	C:\Windows\system32\apphelp.dll
0x00007ffdf9440000 - 0x00007ffdf9493000 	C:\Windows\AppPatch\AppPatch64\AcGenral.DLL
0x00007ffe05010000 - 0x00007ffe050ba000 	C:\Windows\system32\msvcrt.dll
0x00007ffe02520000 - 0x00007ffe0254e000 	C:\Windows\SYSTEM32\SspiCli.dll
0x00007ffe045c0000 - 0x00007ffe04614000 	C:\Windows\system32\SHLWAPI.dll
0x00007ffe050c0000 - 0x00007ffe05237000 	C:\Windows\system32\USER32.dll
0x00007ffe049f0000 - 0x00007ffe04b84000 	C:\Windows\system32\ole32.dll
0x00007ffe03080000 - 0x00007ffe045aa000 	C:\Windows\system32\SHELL32.dll
0x00007ffe01c50000 - 0x00007ffe01c71000 	C:\Windows\SYSTEM32\USERENV.dll
0x00007ffe02fd0000 - 0x00007ffe0307a000 	C:\Windows\system32\ADVAPI32.dll
0x00007ffdfd360000 - 0x00007ffdfd37e000 	C:\Windows\SYSTEM32\MPR.dll
0x00007ffe046a0000 - 0x00007ffe047e1000 	C:\Windows\system32\RPCRT4.dll
0x00007ffe04b90000 - 0x00007ffe04be9000 	C:\Windows\SYSTEM32\sechost.dll
0x00007ffe04bf0000 - 0x00007ffe04e01000 	C:\Windows\SYSTEM32\combase.dll
0x00007ffe05240000 - 0x00007ffe05390000 	C:\Windows\system32\GDI32.dll
0x00007ffe02680000 - 0x00007ffe02695000 	C:\Windows\SYSTEM32\profapi.dll
0x00007ffe00bf0000 - 0x00007ffe00ca2000 	C:\Windows\SYSTEM32\SHCORE.dll
0x00007ffe054f0000 - 0x00007ffe05526000 	C:\Windows\system32\IMM32.DLL
0x00007ffe05390000 - 0x00007ffe054e2000 	C:\Windows\system32\MSCTF.dll
0x00007ffdff680000 - 0x00007ffdff8fb000 	C:\Windows\WinSxS\amd64_microsoft.windows.common-controls_6595b64144ccf1df_6.0.9600.18006_none_623f33d3ecbe86e8\COMCTL32.dll
0x00000000667f0000 - 0x00000000668c2000 	C:\Program Files\Java\jdk1.8.0_31\jre\bin\msvcr100.dll
0x0000000066c70000 - 0x00000000674ca000 	C:\Program Files\Java\jdk1.8.0_31\jre\bin\server\jvm.dll
0x00007ffdfb2a0000 - 0x00007ffdfb2a9000 	C:\Windows\SYSTEM32\WSOCK32.dll
0x00007ffdfe830000 - 0x00007ffdfe852000 	C:\Windows\SYSTEM32\WINMM.dll
0x00007ffe04800000 - 0x00007ffe04807000 	C:\Windows\system32\PSAPI.DLL
0x00007ffe04620000 - 0x00007ffe0467a000 	C:\Windows\system32\WS2_32.dll
0x00007ffdfd430000 - 0x00007ffdfd45a000 	C:\Windows\SYSTEM32\WINMMBASE.dll
0x00007ffe045b0000 - 0x00007ffe045b9000 	C:\Windows\system32\NSI.dll
0x00007ffe02870000 - 0x00007ffe028bf000 	C:\Windows\SYSTEM32\cfgmgr32.dll
0x00007ffe01490000 - 0x00007ffe014b8000 	C:\Windows\SYSTEM32\DEVOBJ.dll
0x0000000066c60000 - 0x0000000066c6f000 	C:\Program Files\Java\jdk1.8.0_31\jre\bin\verify.dll
0x0000000066c30000 - 0x0000000066c58000 	C:\Program Files\Java\jdk1.8.0_31\jre\bin\java.dll
0x0000000066c10000 - 0x0000000066c26000 	C:\Program Files\Java\jdk1.8.0_31\jre\bin\zip.dll
0x00007ffdfdbe0000 - 0x00007ffdfdd69000 	C:\Windows\SYSTEM32\dbghelp.dll

VM Arguments:
jvm_args: -Djava.awt.headless=true -Xmx1024M -Dfile.encoding=windows-1252 -Duser.country=BR -Duser.language=pt -Duser.variant 
java_command: com.android.dx.command.Main --dex --num-threads=4 --output C:\Users\William\AndroidStudioProjects\ThingsFive\app\build\intermediates\pre-dexed\debug\com.android.support-appcompat-v7-23.2.0_30058638118fb20c776a5de86a2f20a32fe05c52.jar C:\Users\William\AndroidStudioProjects\ThingsFive\app\build\intermediates\exploded-aar\com.android.support\appcompat-v7\23.2.0\jars\classes.jar
java_class_path (initial): C:\Users\William\AppData\Local\Android\android-sdk\build-tools\23.0.2\lib\dx.jar
Launcher Type: SUN_STANDARD

Environment Variables:
PATH=C:\ProgramData\Oracle\Java\javapath;C:\Windows\system32;C:\Windows;C:\Windows\System32\Wbem;C:\Windows\System32\WindowsPowerShell\v1.0\;C:\Program Files (x86)\ATI Technologies\ATI.ACE\Core-Static;C:\Program Files (x86)\Windows Live\Shared;C:\Program Files (x86)\Skype\Phone\;C:\Program Files\Java\jdk1.8.0_31\bin
USERNAME=William
OS=Windows_NT
PROCESSOR_IDENTIFIER=Intel64 Family 6 Model 42 Stepping 7, GenuineIntel



---------------  S Y S T E M  ---------------

OS: Windows 8.1 , 64 bit Build 9600 

CPU:total 4 (2 cores per cpu, 2 threads per core) family 6 model 42 stepping 7, cmov, cx8, fxsr, mmx, sse, sse2, sse3, ssse3, sse4.1, sse4.2, popcnt, avx, aes, clmul, ht, tsc, tscinvbit

Memory: 4k page, physical 4140908k(608808k free), swap 4140908k(5128k free)

vm_info: Java HotSpot(TM) 64-Bit Server VM (25.31-b07) for windows-amd64 JRE (1.8.0_31-b13), built on Dec 17 2014 21:00:28 by "java_re" with MS VC++ 10.0 (VS2010)

time: Fri Mar 11 17:16:19 2016
elapsed time: 9 seconds (0d 0h 0m 9s)

