#
# There is insufficient memory for the Java Runtime Environment to continue.
# Native memory allocation (malloc) failed to allocate 269616 bytes for Chunk::new
# Possible reasons:
#   The system is out of physical RAM or swap space
#   In 32 bit mode, the process size limit was hit
# Possible solutions:
#   Reduce memory load on the system
#   Increase physical memory or swap space
#   Check if swap backing store is full
#   Use 64 bit Java on a 64 bit OS
#   Decrease Java heap size (-Xmx/-Xms)
#   Decrease number of Java threads
#   Decrease Java thread stack sizes (-Xss)
#   Set larger code cache with -XX:ReservedCodeCacheSize=
# This output file may be truncated or incomplete.
#
#  Out of Memory Error (allocation.cpp:390), pid=4084, tid=3400
#
# JRE version: Java(TM) SE Runtime Environment (8.0_31-b13) (build 1.8.0_31-b13)
# Java VM: Java HotSpot(TM) 64-Bit Server VM (25.31-b07 mixed mode windows-amd64 compressed oops)
# Failed to write core dump. Minidumps are not enabled by default on client versions of Windows
#

---------------  T H R E A D  ---------------

Current thread (0x000000001541d800):  JavaThread "C2 CompilerThread1" daemon [_thread_in_native, id=3400, stack(0x0000000016a20000,0x0000000016b20000)]

Stack: [0x0000000016a20000,0x0000000016b20000]
Native frames: (J=compiled Java code, j=interpreted, Vv=VM code, C=native code)
V  [jvm.dll+0x3169ba]


Current CompileTask:
C2:   8706 1039   !   4       com.android.dx.cf.code.BytecodeArray::parseInstruction (2764 bytes)


---------------  P R O C E S S  ---------------

Java Threads: ( => current thread )
  0x000000001708e800 JavaThread "pool-1-thread-4" [_thread_in_vm, id=2692, stack(0x0000000017620000,0x0000000017720000)]
  0x000000001708e000 JavaThread "pool-1-thread-3" [_thread_in_Java, id=2848, stack(0x0000000017520000,0x0000000017620000)]
  0x0000000016f6f000 JavaThread "pool-1-thread-2" [_thread_in_vm, id=3256, stack(0x0000000017420000,0x0000000017520000)]
  0x0000000016f77000 JavaThread "pool-2-thread-1" [_thread_blocked, id=3360, stack(0x0000000017320000,0x0000000017420000)]
  0x0000000016f76800 JavaThread "pool-1-thread-1" [_thread_in_vm, id=1520, stack(0x0000000017220000,0x0000000017320000)]
  0x000000001542a000 JavaThread "Service Thread" daemon [_thread_blocked, id=3960, stack(0x0000000016c20000,0x0000000016d20000)]
  0x0000000015423800 JavaThread "C1 CompilerThread2" daemon [_thread_blocked, id=3112, stack(0x0000000016b20000,0x0000000016c20000)]
=>0x000000001541d800 JavaThread "C2 CompilerThread1" daemon [_thread_in_native, id=3400, stack(0x0000000016a20000,0x0000000016b20000)]
  0x00000000153d7800 JavaThread "C2 CompilerThread0" daemon [_thread_blocked, id=2952, stack(0x0000000016920000,0x0000000016a20000)]
  0x00000000153d6000 JavaThread "Attach Listener" daemon [_thread_blocked, id=4512, stack(0x0000000016820000,0x0000000016920000)]
  0x00000000153d4000 JavaThread "Signal Dispatcher" daemon [_thread_blocked, id=3904, stack(0x0000000016720000,0x0000000016820000)]
  0x0000000002cf4800 JavaThread "Finalizer" daemon [_thread_blocked, id=1496, stack(0x0000000016620000,0x0000000016720000)]
  0x0000000002cec000 JavaThread "Reference Handler" daemon [_thread_blocked, id=4208, stack(0x0000000016520000,0x0000000016620000)]
  0x0000000002c00800 JavaThread "main" [_thread_blocked, id=352, stack(0x0000000002b00000,0x0000000002c00000)]

Other Threads:
  0x0000000015395800 VMThread [stack: 0x0000000016420000,0x0000000016520000] [id=856]
  0x000000001542d000 WatcherThread [stack: 0x0000000016d20000,0x0000000016e20000] [id=2560]

VM state:synchronizing (normal execution)

VM Mutex/Monitor currently owned by a thread:  ([mutex/lock_event])
[0x0000000002afc950] Safepoint_lock - owner thread: 0x0000000015395800
[0x0000000002afbcd0] Threads_lock - owner thread: 0x0000000015395800

Heap:
 PSYoungGen      total 18944K, used 7969K [0x00000000eab00000, 0x00000000ec000000, 0x0000000100000000)
  eden space 16384K, 33% used [0x00000000eab00000,0x00000000eb04c528,0x00000000ebb00000)
  from space 2560K, 99% used [0x00000000ebb00000,0x00000000ebd7c010,0x00000000ebd80000)
  to   space 2560K, 0% used [0x00000000ebd80000,0x00000000ebd80000,0x00000000ec000000)
 ParOldGen       total 44032K, used 2182K [0x00000000c0000000, 0x00000000c2b00000, 0x00000000eab00000)
  object space 44032K, 4% used [0x00000000c0000000,0x00000000c0221bc8,0x00000000c2b00000)
 Metaspace       used 5854K, capacity 6896K, committed 7040K, reserved 1056768K
  class space    used 592K, capacity 616K, committed 640K, reserved 1048576K

Card table byte_map: [0x00000000120c0000,0x00000000122d0000] byte_map_base: 0x0000000011ac0000

Marking Bits: (ParMarkBitMap*) 0x000000006744d4f0
 Begin Bits: [0x0000000012830000, 0x0000000013830000)
 End Bits:   [0x0000000013830000, 0x0000000014830000)

Polling page: 0x00000000012c0000

CodeCache: size=245760Kb used=4266Kb max_used=4277Kb free=241493Kb
 bounds [0x0000000002d00000, 0x0000000003140000, 0x0000000011d00000]
 total_blobs=1341 nmethods=1077 adapters=178
 compilation: enabled

Compilation events (10 events):
Event: 8.612 Thread 0x0000000015423800 nmethod 1095 0x000000000312ad90 code [0x000000000312afc0, 0x000000000312bd98]
Event: 8.621 Thread 0x00000000153d7800 nmethod 1076 0x000000000312f810 code [0x000000000312f9c0, 0x00000000031301f0]
Event: 8.621 Thread 0x00000000153d7800 1078   !   4       com.android.dx.ssa.BasicRegisterMapper::map (44 bytes)
Event: 8.623 Thread 0x00000000153d7800 nmethod 1078 0x000000000312c6d0 code [0x000000000312c820, 0x000000000312c948]
Event: 8.623 Thread 0x00000000153d7800 1091       4       com.android.dx.rop.code.BasicBlockList::labelToBlock (46 bytes)
Event: 8.626 Thread 0x00000000153d7800 nmethod 1091 0x00000000031233d0 code [0x0000000003123520, 0x0000000003123658]
Event: 8.626 Thread 0x00000000153d7800 1075       4       java.util.ArrayList::grow (45 bytes)
Event: 8.631 Thread 0x00000000153d7800 nmethod 1075 0x0000000003122e90 code [0x0000000003122fe0, 0x0000000003123248]
Event: 8.631 Thread 0x00000000153d7800 1092       4       com.android.dx.rop.code.Rop::isCommutative (60 bytes)
Event: 8.632 Thread 0x00000000153d7800 nmethod 1092 0x00000000030f9550 code [0x00000000030f9680, 0x00000000030f9718]

GC Heap History (2 events):
Event: 7.223 GC heap before
{Heap before GC invocations=1 (full 0):
 PSYoungGen      total 18944K, used 16384K [0x00000000eab00000, 0x00000000ec000000, 0x0000000100000000)
  eden space 16384K, 100% used [0x00000000eab00000,0x00000000ebb00000,0x00000000ebb00000)
  from space 2560K, 0% used [0x00000000ebd80000,0x00000000ebd80000,0x00000000ec000000)
  to   space 2560K, 0% used [0x00000000ebb00000,0x00000000ebb00000,0x00000000ebd80000)
 ParOldGen       total 44032K, used 0K [0x00000000c0000000, 0x00000000c2b00000, 0x00000000eab00000)
  object space 44032K, 0% used [0x00000000c0000000,0x00000000c0000000,0x00000000c2b00000)
 Metaspace       used 5751K, capacity 6768K, committed 7040K, reserved 1056768K
  class space    used 592K, capacity 616K, committed 640K, reserved 1048576K
Event: 7.685 GC heap after
Heap after GC invocations=1 (full 0):
 PSYoungGen      total 18944K, used 2544K [0x00000000eab00000, 0x00000000ec000000, 0x0000000100000000)
  eden space 16384K, 0% used [0x00000000eab00000,0x00000000eab00000,0x00000000ebb00000)
  from space 2560K, 99% used [0x00000000ebb00000,0x00000000ebd7c010,0x00000000ebd80000)
  to   space 2560K, 0% used [0x00000000ebd80000,0x00000000ebd80000,0x00000000ec000000)
 ParOldGen       total 44032K, used 2182K [0x00000000c0000000, 0x00000000c2b00000, 0x00000000eab00000)
  object space 44032K, 4% used [0x00000000c0000000,0x00000000c0221bc8,0x00000000c2b00000)
 Metaspace       used 5751K, capacity 6768K, committed 7040K, reserved 1056768K
  class space    used 592K, capacity 616K, committed 640K, reserved 1048576K
}

Deoptimization events (4 events):
Event: 6.094 Thread 0x000000001708e000 Uncommon trap: reason=class_check action=maybe_recompile pc=0x0000000002f84c30 method=com.android.dx.ssa.NormalSsaInsn.accept(Lcom/android/dx/ssa/SsaInsn$Visitor;)V @ 9
Event: 6.094 Thread 0x000000001708e000 Uncommon trap: reason=class_check action=maybe_recompile pc=0x0000000002f84c30 method=com.android.dx.ssa.NormalSsaInsn.accept(Lcom/android/dx/ssa/SsaInsn$Visitor;)V @ 9
Event: 6.094 Thread 0x000000001708e000 Uncommon trap: reason=class_check action=maybe_recompile pc=0x0000000002f84c30 method=com.android.dx.ssa.NormalSsaInsn.accept(Lcom/android/dx/ssa/SsaInsn$Visitor;)V @ 9
Event: 6.096 Thread 0x000000001708e000 Uncommon trap: reason=class_check action=maybe_recompile pc=0x0000000002f84c30 method=com.android.dx.ssa.NormalSsaInsn.accept(Lcom/android/dx/ssa/SsaInsn$Visitor;)V @ 9

Internal exceptions (10 events):
Event: 5.520 Thread 0x000000001708e000 Exception <a 'java/security/PrivilegedActionException'> (0x00000000eafcd640) thrown at [C:\workspace\8-2-build-windows-amd64-cygwin\jdk8u31\2394\hotspot\src\share\vm\prims\jvm.cpp, line 1312]
Event: 5.534 Thread 0x0000000002c00800 Exception <a 'java/security/PrivilegedActionException'> (0x00000000eb492868) thrown at [C:\workspace\8-2-build-windows-amd64-cygwin\jdk8u31\2394\hotspot\src\share\vm\prims\jvm.cpp, line 1312]
Event: 5.544 Thread 0x0000000002c00800 Exception <a 'java/security/PrivilegedActionException'> (0x00000000eb4a3030) thrown at [C:\workspace\8-2-build-windows-amd64-cygwin\jdk8u31\2394\hotspot\src\share\vm\prims\jvm.cpp, line 1312]
Event: 5.575 Thread 0x000000001708e000 Exception <a 'java/security/PrivilegedActionException'> (0x00000000eb561950) thrown at [C:\workspace\8-2-build-windows-amd64-cygwin\jdk8u31\2394\hotspot\src\share\vm\prims\jvm.cpp, line 1312]
Event: 5.986 Thread 0x0000000016f6f000 Exception <a 'java/security/PrivilegedActionException'> (0x00000000eb665ac0) thrown at [C:\workspace\8-2-build-windows-amd64-cygwin\jdk8u31\2394\hotspot\src\share\vm\prims\jvm.cpp, line 1312]
Event: 6.003 Thread 0x000000001708e800 Exception <a 'java/security/PrivilegedActionException'> (0x00000000eb6fbc20) thrown at [C:\workspace\8-2-build-windows-amd64-cygwin\jdk8u31\2394\hotspot\src\share\vm\prims\jvm.cpp, line 1312]
Event: 6.004 Thread 0x000000001708e800 Exception <a 'java/security/PrivilegedActionException'> (0x00000000eb701740) thrown at [C:\workspace\8-2-build-windows-amd64-cygwin\jdk8u31\2394\hotspot\src\share\vm\prims\jvm.cpp, line 1312]
Event: 6.006 Thread 0x000000001708e800 Exception <a 'java/security/PrivilegedActionException'> (0x00000000eb707018) thrown at [C:\workspace\8-2-build-windows-amd64-cygwin\jdk8u31\2394\hotspot\src\share\vm\prims\jvm.cpp, line 1312]
Event: 6.436 Thread 0x000000001708e000 Exception <a 'java/security/PrivilegedActionException'> (0x00000000eb89cf78) thrown at [C:\workspace\8-2-build-windows-amd64-cygwin\jdk8u31\2394\hotspot\src\share\vm\prims\jvm.cpp, line 1312]
Event: 7.884 Thread 0x0000000016f76800 Exception <a 'java/security/PrivilegedActionException'> (0x00000000eadf3368) thrown at [C:\workspace\8-2-build-windows-amd64-cygwin\jdk8u31\2394\hotspot\src\share\vm\prims\jvm.cpp, line 1312]

Events (10 events):
Event: 6.759 Thread 0x0000000016f6f000 DEOPT PACKING pc=0x0000000002f8636d sp=0x000000001751dd80
Event: 6.759 Thread 0x0000000016f6f000 DEOPT UNPACKING pc=0x0000000002d475bf sp=0x000000001751daa0 mode 0
Event: 6.761 Thread 0x0000000016f6f000 DEOPT PACKING pc=0x0000000002f8636d sp=0x000000001751dd70
Event: 6.761 Thread 0x0000000016f6f000 DEOPT UNPACKING pc=0x0000000002d475bf sp=0x000000001751da90 mode 0
Event: 6.788 Executing VM operation: ParallelGCFailedAllocation
Event: 7.685 Executing VM operation: ParallelGCFailedAllocation done
Event: 7.883 loading class com/android/dx/dex/file/FieldAnnotationStruct
Event: 7.883 loading class com/android/dx/dex/file/FieldAnnotationStruct done
Event: 8.496 Thread 0x000000001708e000 DEOPT PACKING pc=0x0000000003009f62 sp=0x000000001761e940
Event: 8.496 Thread 0x000000001708e000 DEOPT UNPACKING pc=0x0000000002d475bf sp=0x000000001761e6a8 mode 0


Dynamic libraries:
0x00007ff6821d0000 - 0x00007ff682204000 	C:\Program Files\Java\jdk1.8.0_31\bin\java.exe
0x00007ffe05530000 - 0x00007ffe056dd000 	C:\Windows\SYSTEM32\ntdll.dll
0x00007ffe04ed0000 - 0x00007ffe0500e000 	C:\Windows\system32\KERNEL32.DLL
0x00007ffe02750000 - 0x00007ffe02865000 	C:\Windows\system32\KERNELBASE.dll
0x00007ffe01220000 - 0x00007ffe012ae000 	C:\Windows\system32\apphelp.dll
0x00007ffdf9440000 - 0x00007ffdf9493000 	C:\Windows\AppPatch\AppPatch64\AcGenral.DLL
0x00007ffe05010000 - 0x00007ffe050ba000 	C:\Windows\system32\msvcrt.dll
0x00007ffe02520000 - 0x00007ffe0254e000 	C:\Windows\SYSTEM32\SspiCli.dll
0x00007ffe045c0000 - 0x00007ffe04614000 	C:\Windows\system32\SHLWAPI.dll
0x00007ffe050c0000 - 0x00007ffe05237000 	C:\Windows\system32\USER32.dll
0x00007ffe049f0000 - 0x00007ffe04b84000 	C:\Windows\system32\ole32.dll
0x00007ffe03080000 - 0x00007ffe045aa000 	C:\Windows\system32\SHELL32.dll
0x00007ffe01c50000 - 0x00007ffe01c71000 	C:\Windows\SYSTEM32\USERENV.dll
0x00007ffe02fd0000 - 0x00007ffe0307a000 	C:\Windows\system32\ADVAPI32.dll
0x00007ffdfd360000 - 0x00007ffdfd37e000 	C:\Windows\SYSTEM32\MPR.dll
0x00007ffe046a0000 - 0x00007ffe047e1000 	C:\Windows\system32\RPCRT4.dll
0x00007ffe04b90000 - 0x00007ffe04be9000 	C:\Windows\SYSTEM32\sechost.dll
0x00007ffe04bf0000 - 0x00007ffe04e01000 	C:\Windows\SYSTEM32\combase.dll
0x00007ffe05240000 - 0x00007ffe05390000 	C:\Windows\system32\GDI32.dll
0x00007ffe02680000 - 0x00007ffe02695000 	C:\Windows\SYSTEM32\profapi.dll
0x00007ffe00bf0000 - 0x00007ffe00ca2000 	C:\Windows\SYSTEM32\SHCORE.dll
0x00007ffe054f0000 - 0x00007ffe05526000 	C:\Windows\system32\IMM32.DLL
0x00007ffe05390000 - 0x00007ffe054e2000 	C:\Windows\system32\MSCTF.dll
0x00007ffdff680000 - 0x00007ffdff8fb000 	C:\Windows\WinSxS\amd64_microsoft.windows.common-controls_6595b64144ccf1df_6.0.9600.18006_none_623f33d3ecbe86e8\COMCTL32.dll
0x00000000667f0000 - 0x00000000668c2000 	C:\Program Files\Java\jdk1.8.0_31\jre\bin\msvcr100.dll
0x0000000066c70000 - 0x00000000674ca000 	C:\Program Files\Java\jdk1.8.0_31\jre\bin\server\jvm.dll
0x00007ffdfb2a0000 - 0x00007ffdfb2a9000 	C:\Windows\SYSTEM32\WSOCK32.dll
0x00007ffdfe830000 - 0x00007ffdfe852000 	C:\Windows\SYSTEM32\WINMM.dll
0x00007ffe04800000 - 0x00007ffe04807000 	C:\Windows\system32\PSAPI.DLL
0x00007ffe04620000 - 0x00007ffe0467a000 	C:\Windows\system32\WS2_32.dll
0x00007ffdfd430000 - 0x00007ffdfd45a000 	C:\Windows\SYSTEM32\WINMMBASE.dll
0x00007ffe045b0000 - 0x00007ffe045b9000 	C:\Windows\system32\NSI.dll
0x00007ffe02870000 - 0x00007ffe028bf000 	C:\Windows\SYSTEM32\cfgmgr32.dll
0x00007ffe01490000 - 0x00007ffe014b8000 	C:\Windows\SYSTEM32\DEVOBJ.dll
0x0000000066c60000 - 0x0000000066c6f000 	C:\Program Files\Java\jdk1.8.0_31\jre\bin\verify.dll
0x0000000066c30000 - 0x0000000066c58000 	C:\Program Files\Java\jdk1.8.0_31\jre\bin\java.dll
0x0000000066c10000 - 0x0000000066c26000 	C:\Program Files\Java\jdk1.8.0_31\jre\bin\zip.dll

VM Arguments:
jvm_args: -Djava.awt.headless=true -Xmx1024M -Dfile.encoding=windows-1252 -Duser.country=BR -Duser.language=pt -Duser.variant 
java_command: com.android.dx.command.Main --dex --num-threads=4 --output C:\Users\William\AndroidStudioProjects\ThingsFive\app\build\intermediates\pre-dexed\debug\com.android.support-support-vector-drawable-23.2.0_8c8889539e51f24e6b0762c206d37a8b3c7f1b4b.jar C:\Users\William\AndroidStudioProjects\ThingsFive\app\build\intermediates\exploded-aar\com.android.support\support-vector-drawable\23.2.0\jars\classes.jar
java_class_path (initial): C:\Users\William\AppData\Local\Android\android-sdk\build-tools\23.0.2\lib\dx.jar
Launcher Type: SUN_STANDARD

Environment Variables:
PATH=C:\ProgramData\Oracle\Java\javapath;C:\Windows\system32;C:\Windows;C:\Windows\System32\Wbem;C:\Windows\System32\WindowsPowerShell\v1.0\;C:\Program Files (x86)\ATI Technologies\ATI.ACE\Core-Static;C:\Program Files (x86)\Windows Live\Shared;C:\Program Files (x86)\Skype\Phone\;C:\Program Files\Java\jdk1.8.0_31\bin
USERNAME=William
OS=Windows_NT
PROCESSOR_IDENTIFIER=Intel64 Family 6 Model 42 Stepping 7, GenuineIntel



---------------  S Y S T E M  ---------------

OS: Windows 8.1 , 64 bit Build 9600 

CPU:total 4 (2 cores per cpu, 2 threads per core) family 6 model 42 stepping 7, cmov, cx8, fxsr, mmx, sse, sse2, sse3, ssse3, sse4.1, sse4.2, popcnt, avx, aes, clmul, ht, tsc, tscinvbit

Memory: 4k page, physical 4140908k(608800k free), swap 4140908k(5040k free)

vm_info: Java HotSpot(TM) 64-Bit Server VM (25.31-b07) for windows-amd64 JRE (1.8.0_31-b13), built on Dec 17 2014 21:00:28 by "java_re" with MS VC++ 10.0 (VS2010)

time: Fri Mar 11 17:16:19 2016
elapsed time: 8 seconds (0d 0h 0m 8s)

