#
# There is insufficient memory for the Java Runtime Environment to continue.
# Native memory allocation (malloc) failed to allocate 32744 bytes for ChunkPool::allocate
# Possible reasons:
#   The system is out of physical RAM or swap space
#   In 32 bit mode, the process size limit was hit
# Possible solutions:
#   Reduce memory load on the system
#   Increase physical memory or swap space
#   Check if swap backing store is full
#   Use 64 bit Java on a 64 bit OS
#   Decrease Java heap size (-Xmx/-Xms)
#   Decrease number of Java threads
#   Decrease Java thread stack sizes (-Xss)
#   Set larger code cache with -XX:ReservedCodeCacheSize=
# This output file may be truncated or incomplete.
#
#  Out of Memory Error (allocation.cpp:273), pid=2660, tid=2852
#
# JRE version: Java(TM) SE Runtime Environment (8.0_31-b13) (build 1.8.0_31-b13)
# Java VM: Java HotSpot(TM) 64-Bit Server VM (25.31-b07 mixed mode windows-amd64 compressed oops)
# Failed to write core dump. Minidumps are not enabled by default on client versions of Windows
#

---------------  T H R E A D  ---------------

Current thread (0x0000000014959000):  JavaThread "C2 CompilerThread0" daemon [_thread_in_native, id=2852, stack(0x0000000015eb0000,0x0000000015fb0000)]

Stack: [0x0000000015eb0000,0x0000000015fb0000]
Native frames: (J=compiled Java code, j=interpreted, Vv=VM code, C=native code)
V  [jvm.dll+0x3169ba]


Current CompileTask:
C2:   3663 1383   !   4       com.android.dx.cf.cst.ConstantPoolParser::parse0 (731 bytes)


---------------  P R O C E S S  ---------------

Java Threads: ( => current thread )
  0x000000001666b000 JavaThread "pool-1-thread-4" [_thread_blocked, id=3004, stack(0x00000000173b0000,0x00000000174b0000)]
  0x000000001666a800 JavaThread "pool-1-thread-3" [_thread_blocked, id=2548, stack(0x00000000172b0000,0x00000000173b0000)]
  0x0000000016688800 JavaThread "pool-1-thread-2" [_thread_blocked, id=4308, stack(0x00000000171b0000,0x00000000172b0000)]
  0x00000000164e4800 JavaThread "pool-2-thread-1" [_thread_blocked, id=1124, stack(0x00000000170b0000,0x00000000171b0000)]
  0x00000000164e3800 JavaThread "pool-1-thread-1" [_thread_in_vm, id=2816, stack(0x0000000016fb0000,0x00000000170b0000)]
  0x00000000149ab000 JavaThread "Service Thread" daemon [_thread_blocked, id=2884, stack(0x00000000161b0000,0x00000000162b0000)]
  0x00000000149a4800 JavaThread "C1 CompilerThread2" daemon [_thread_blocked, id=2796, stack(0x00000000160b0000,0x00000000161b0000)]
  0x0000000014996800 JavaThread "C2 CompilerThread1" daemon [_thread_in_native, id=3924, stack(0x0000000015fb0000,0x00000000160b0000)]
=>0x0000000014959000 JavaThread "C2 CompilerThread0" daemon [_thread_in_native, id=2852, stack(0x0000000015eb0000,0x0000000015fb0000)]
  0x0000000014958000 JavaThread "Attach Listener" daemon [_thread_blocked, id=4808, stack(0x0000000015db0000,0x0000000015eb0000)]
  0x0000000014956800 JavaThread "Signal Dispatcher" daemon [_thread_blocked, id=460, stack(0x0000000015cb0000,0x0000000015db0000)]
  0x0000000014918800 JavaThread "Finalizer" daemon [_thread_blocked, id=1680, stack(0x0000000015bb0000,0x0000000015cb0000)]
  0x000000000218f800 JavaThread "Reference Handler" daemon [_thread_blocked, id=4292, stack(0x0000000015ab0000,0x0000000015bb0000)]
  0x00000000020a0800 JavaThread "main" [_thread_blocked, id=3744, stack(0x0000000001ed0000,0x0000000001fd0000)]

Other Threads:
  0x0000000014915000 VMThread [stack: 0x00000000159b0000,0x0000000015ab0000] [id=4516]
  0x00000000149ae000 WatcherThread [stack: 0x00000000166b0000,0x00000000167b0000] [id=3912]

VM state:not at safepoint (normal execution)

VM Mutex/Monitor currently owned by a thread: None

Heap:
 PSYoungGen      total 35328K, used 7627K [0x00000000eab00000, 0x00000000ed000000, 0x0000000100000000)
  eden space 32768K, 15% used [0x00000000eab00000,0x00000000eaffa6c0,0x00000000ecb00000)
  from space 2560K, 98% used [0x00000000ecd80000,0x00000000ecff8840,0x00000000ed000000)
  to   space 2560K, 0% used [0x00000000ecb00000,0x00000000ecb00000,0x00000000ecd80000)
 ParOldGen       total 44032K, used 8322K [0x00000000c0000000, 0x00000000c2b00000, 0x00000000eab00000)
  object space 44032K, 18% used [0x00000000c0000000,0x00000000c0820b38,0x00000000c2b00000)
 Metaspace       used 6119K, capacity 7024K, committed 7296K, reserved 1056768K
  class space    used 593K, capacity 616K, committed 640K, reserved 1048576K

Card table byte_map: [0x0000000011640000,0x0000000011850000] byte_map_base: 0x0000000011040000

Marking Bits: (ParMarkBitMap*) 0x000000006744d4f0
 Begin Bits: [0x0000000011db0000, 0x0000000012db0000)
 End Bits:   [0x0000000012db0000, 0x0000000013db0000)

Polling page: 0x00000000006a0000

CodeCache: size=245760Kb used=6004Kb max_used=6004Kb free=239755Kb
 bounds [0x0000000002280000, 0x0000000002870000, 0x0000000011280000]
 total_blobs=1750 nmethods=1485 adapters=178
 compilation: enabled

Compilation events (10 events):
Event: 3.547 Thread 0x00000000149a4800 1497       2       com.android.dx.ssa.SsaInsn::makeFromRop (10 bytes)
Event: 3.547 Thread 0x00000000149a4800 nmethod 1497 0x000000000285f490 code [0x000000000285f600, 0x000000000285f868]
Event: 3.548 Thread 0x00000000149a4800 1498       2       com.android.dx.ssa.back.FirstFitLocalCombiningAllocator$Multiset::add (68 bytes)
Event: 3.548 Thread 0x00000000149a4800 nmethod 1498 0x000000000285f9d0 code [0x000000000285fb40, 0x000000000285fdb0]
Event: 3.554 Thread 0x00000000149a4800 1499       2       com.android.dx.rop.code.InsnList::contentEquals (54 bytes)
Event: 3.555 Thread 0x00000000149a4800 nmethod 1499 0x0000000002860010 code [0x00000000028601a0, 0x00000000028604c8]
Event: 3.555 Thread 0x00000000149a4800 1500       2       com.android.dx.rop.code.Insn::contentEquals (84 bytes)
Event: 3.556 Thread 0x00000000149a4800 nmethod 1500 0x0000000002860710 code [0x00000000028608c0, 0x0000000002860c18]
Event: 3.557 Thread 0x00000000149a4800 1501       2       com.android.dx.cf.code.LocalVariableList::itemToLocal (47 bytes)
Event: 3.558 Thread 0x00000000149a4800 nmethod 1501 0x0000000002860e10 code [0x0000000002860fa0, 0x0000000002861238]

GC Heap History (8 events):
Event: 0.750 GC heap before
{Heap before GC invocations=1 (full 0):
 PSYoungGen      total 18944K, used 16384K [0x00000000eab00000, 0x00000000ec000000, 0x0000000100000000)
  eden space 16384K, 100% used [0x00000000eab00000,0x00000000ebb00000,0x00000000ebb00000)
  from space 2560K, 0% used [0x00000000ebd80000,0x00000000ebd80000,0x00000000ec000000)
  to   space 2560K, 0% used [0x00000000ebb00000,0x00000000ebb00000,0x00000000ebd80000)
 ParOldGen       total 44032K, used 0K [0x00000000c0000000, 0x00000000c2b00000, 0x00000000eab00000)
  object space 44032K, 0% used [0x00000000c0000000,0x00000000c0000000,0x00000000c2b00000)
 Metaspace       used 3678K, capacity 4880K, committed 5120K, reserved 1056768K
  class space    used 399K, capacity 456K, committed 512K, reserved 1048576K
Event: 0.755 GC heap after
Heap after GC invocations=1 (full 0):
 PSYoungGen      total 18944K, used 1221K [0x00000000eab00000, 0x00000000ec000000, 0x0000000100000000)
  eden space 16384K, 0% used [0x00000000eab00000,0x00000000eab00000,0x00000000ebb00000)
  from space 2560K, 47% used [0x00000000ebb00000,0x00000000ebc31610,0x00000000ebd80000)
  to   space 2560K, 0% used [0x00000000ebd80000,0x00000000ebd80000,0x00000000ec000000)
 ParOldGen       total 44032K, used 0K [0x00000000c0000000, 0x00000000c2b00000, 0x00000000eab00000)
  object space 44032K, 0% used [0x00000000c0000000,0x00000000c0000000,0x00000000c2b00000)
 Metaspace       used 3678K, capacity 4880K, committed 5120K, reserved 1056768K
  class space    used 399K, capacity 456K, committed 512K, reserved 1048576K
}
Event: 2.321 GC heap before
{Heap before GC invocations=2 (full 0):
 PSYoungGen      total 18944K, used 17605K [0x00000000eab00000, 0x00000000ec000000, 0x0000000100000000)
  eden space 16384K, 100% used [0x00000000eab00000,0x00000000ebb00000,0x00000000ebb00000)
  from space 2560K, 47% used [0x00000000ebb00000,0x00000000ebc31610,0x00000000ebd80000)
  to   space 2560K, 0% used [0x00000000ebd80000,0x00000000ebd80000,0x00000000ec000000)
 ParOldGen       total 44032K, used 0K [0x00000000c0000000, 0x00000000c2b00000, 0x00000000eab00000)
  object space 44032K, 0% used [0x00000000c0000000,0x00000000c0000000,0x00000000c2b00000)
 Metaspace       used 5912K, capacity 6896K, committed 7040K, reserved 1056768K
  class space    used 591K, capacity 616K, committed 640K, reserved 1048576K
Event: 2.403 GC heap after
Heap after GC invocations=2 (full 0):
 PSYoungGen      total 18944K, used 2541K [0x00000000eab00000, 0x00000000ed000000, 0x0000000100000000)
  eden space 16384K, 0% used [0x00000000eab00000,0x00000000eab00000,0x00000000ebb00000)
  from space 2560K, 99% used [0x00000000ebd80000,0x00000000ebffb700,0x00000000ec000000)
  to   space 2560K, 0% used [0x00000000ebb00000,0x00000000ebb00000,0x00000000ebd80000)
 ParOldGen       total 44032K, used 2423K [0x00000000c0000000, 0x00000000c2b00000, 0x00000000eab00000)
  object space 44032K, 5% used [0x00000000c0000000,0x00000000c025dc78,0x00000000c2b00000)
 Metaspace       used 5912K, capacity 6896K, committed 7040K, reserved 1056768K
  class space    used 591K, capacity 616K, committed 640K, reserved 1048576K
}
Event: 3.029 GC heap before
{Heap before GC invocations=3 (full 0):
 PSYoungGen      total 18944K, used 18925K [0x00000000eab00000, 0x00000000ed000000, 0x0000000100000000)
  eden space 16384K, 100% used [0x00000000eab00000,0x00000000ebb00000,0x00000000ebb00000)
  from space 2560K, 99% used [0x00000000ebd80000,0x00000000ebffb700,0x00000000ec000000)
  to   space 2560K, 0% used [0x00000000ebb00000,0x00000000ebb00000,0x00000000ebd80000)
 ParOldGen       total 44032K, used 2423K [0x00000000c0000000, 0x00000000c2b00000, 0x00000000eab00000)
  object space 44032K, 5% used [0x00000000c0000000,0x00000000c025dc78,0x00000000c2b00000)
 Metaspace       used 6057K, capacity 6960K, committed 7040K, reserved 1056768K
  class space    used 593K, capacity 616K, committed 640K, reserved 1048576K
Event: 3.179 GC heap after
Heap after GC invocations=3 (full 0):
 PSYoungGen      total 18944K, used 2549K [0x00000000eab00000, 0x00000000ed000000, 0x0000000100000000)
  eden space 16384K, 0% used [0x00000000eab00000,0x00000000eab00000,0x00000000ebb00000)
  from space 2560K, 99% used [0x00000000ebb00000,0x00000000ebd7d5a0,0x00000000ebd80000)
  to   space 2560K, 0% used [0x00000000ecd80000,0x00000000ecd80000,0x00000000ed000000)
 ParOldGen       total 44032K, used 5474K [0x00000000c0000000, 0x00000000c2b00000, 0x00000000eab00000)
  object space 44032K, 12% used [0x00000000c0000000,0x00000000c0558970,0x00000000c2b00000)
 Metaspace       used 6057K, capacity 6960K, committed 7040K, reserved 1056768K
  class space    used 593K, capacity 616K, committed 640K, reserved 1048576K
}
Event: 3.435 GC heap before
{Heap before GC invocations=4 (full 0):
 PSYoungGen      total 18944K, used 18933K [0x00000000eab00000, 0x00000000ed000000, 0x0000000100000000)
  eden space 16384K, 100% used [0x00000000eab00000,0x00000000ebb00000,0x00000000ebb00000)
  from space 2560K, 99% used [0x00000000ebb00000,0x00000000ebd7d5a0,0x00000000ebd80000)
  to   space 2560K, 0% used [0x00000000ecd80000,0x00000000ecd80000,0x00000000ed000000)
 ParOldGen       total 44032K, used 5474K [0x00000000c0000000, 0x00000000c2b00000, 0x00000000eab00000)
  object space 44032K, 12% used [0x00000000c0000000,0x00000000c0558970,0x00000000c2b00000)
 Metaspace       used 6088K, capacity 7024K, committed 7296K, reserved 1056768K
  class space    used 593K, capacity 616K, committed 640K, reserved 1048576K
Event: 3.485 GC heap after
Heap after GC invocations=4 (full 0):
 PSYoungGen      total 35328K, used 2530K [0x00000000eab00000, 0x00000000ed000000, 0x0000000100000000)
  eden space 32768K, 0% used [0x00000000eab00000,0x00000000eab00000,0x00000000ecb00000)
  from space 2560K, 98% used [0x00000000ecd80000,0x00000000ecff8840,0x00000000ed000000)
  to   space 2560K, 0% used [0x00000000ecb00000,0x00000000ecb00000,0x00000000ecd80000)
 ParOldGen       total 44032K, used 8322K [0x00000000c0000000, 0x00000000c2b00000, 0x00000000eab00000)
  object space 44032K, 18% used [0x00000000c0000000,0x00000000c0820b38,0x00000000c2b00000)
 Metaspace       used 6088K, capacity 7024K, committed 7296K, reserved 1056768K
  class space    used 593K, capacity 616K, committed 640K, reserved 1048576K
}

Deoptimization events (8 events):
Event: 2.427 Thread 0x00000000164e3800 Uncommon trap: reason=class_check action=maybe_recompile pc=0x000000000264b120 method=com.android.dx.rop.type.Type.equals(Ljava/lang/Object;)Z @ 8
Event: 2.428 Thread 0x00000000164e3800 Uncommon trap: reason=null_check action=make_not_entrant pc=0x000000000264b130 method=com.android.dx.rop.type.Type.equals(Ljava/lang/Object;)Z @ 8
Event: 3.218 Thread 0x00000000020a0800 Uncommon trap: reason=bimorphic action=maybe_recompile pc=0x0000000002728320 method=com.android.dx.cf.code.BytecodeArray.parseInstruction(ILcom/android/dx/cf/code/BytecodeArray$Visitor;)I @ 955
Event: 3.219 Thread 0x00000000020a0800 Uncommon trap: reason=bimorphic action=maybe_recompile pc=0x00000000027281a8 method=com.android.dx.cf.code.BytecodeArray.parseInstruction(ILcom/android/dx/cf/code/BytecodeArray$Visitor;)I @ 907
Event: 3.219 Thread 0x00000000020a0800 Uncommon trap: reason=bimorphic action=maybe_recompile pc=0x0000000002728830 method=com.android.dx.cf.code.BytecodeArray.parseInstruction(ILcom/android/dx/cf/code/BytecodeArray$Visitor;)I @ 1224
Event: 3.219 Thread 0x00000000020a0800 Uncommon trap: reason=bimorphic action=maybe_recompile pc=0x0000000002728228 method=com.android.dx.cf.code.BytecodeArray.parseInstruction(ILcom/android/dx/cf/code/BytecodeArray$Visitor;)I @ 923
Event: 3.219 Thread 0x00000000020a0800 Uncommon trap: reason=bimorphic action=maybe_recompile pc=0x0000000002728830 method=com.android.dx.cf.code.BytecodeArray.parseInstruction(ILcom/android/dx/cf/code/BytecodeArray$Visitor;)I @ 1224
Event: 3.279 Thread 0x0000000016688800 Uncommon trap: reason=unreached action=reinterpret pc=0x00000000026173dc method=com.android.dx.rop.cst.Constant.compareTo(Lcom/android/dx/rop/cst/Constant;)I @ 12

Internal exceptions (10 events):
Event: 1.366 Thread 0x00000000164e3800 Exception <a 'java/security/PrivilegedActionException'> (0x00000000eb2f8360) thrown at [C:\workspace\8-2-build-windows-amd64-cygwin\jdk8u31\2394\hotspot\src\share\vm\prims\jvm.cpp, line 1312]
Event: 1.367 Thread 0x00000000164e3800 Exception <a 'java/security/PrivilegedActionException'> (0x00000000eb326ad8) thrown at [C:\workspace\8-2-build-windows-amd64-cygwin\jdk8u31\2394\hotspot\src\share\vm\prims\jvm.cpp, line 1312]
Event: 1.367 Thread 0x00000000164e3800 Exception <a 'java/security/PrivilegedActionException'> (0x00000000eb32c5f8) thrown at [C:\workspace\8-2-build-windows-amd64-cygwin\jdk8u31\2394\hotspot\src\share\vm\prims\jvm.cpp, line 1312]
Event: 1.368 Thread 0x00000000164e3800 Exception <a 'java/security/PrivilegedActionException'> (0x00000000eb331e08) thrown at [C:\workspace\8-2-build-windows-amd64-cygwin\jdk8u31\2394\hotspot\src\share\vm\prims\jvm.cpp, line 1312]
Event: 1.769 Thread 0x00000000020a0800 Exception <a 'java/security/PrivilegedActionException'> (0x00000000eb566da8) thrown at [C:\workspace\8-2-build-windows-amd64-cygwin\jdk8u31\2394\hotspot\src\share\vm\prims\jvm.cpp, line 1312]
Event: 1.770 Thread 0x00000000020a0800 Exception <a 'java/security/PrivilegedActionException'> (0x00000000eb569560) thrown at [C:\workspace\8-2-build-windows-amd64-cygwin\jdk8u31\2394\hotspot\src\share\vm\prims\jvm.cpp, line 1312]
Event: 1.773 Thread 0x000000001666a800 Exception <a 'java/security/PrivilegedActionException'> (0x00000000eb383a08) thrown at [C:\workspace\8-2-build-windows-amd64-cygwin\jdk8u31\2394\hotspot\src\share\vm\prims\jvm.cpp, line 1312]
Event: 2.292 Thread 0x0000000016688800 Exception <a 'java/security/PrivilegedActionException'> (0x00000000eb91bc30) thrown at [C:\workspace\8-2-build-windows-amd64-cygwin\jdk8u31\2394\hotspot\src\share\vm\prims\jvm.cpp, line 1312]
Event: 2.428 Thread 0x00000000164e3800 Implicit null exception at 0x000000000264b022 to 0x000000000264b121
Event: 2.831 Thread 0x000000001666b000 Exception <a 'java/security/PrivilegedActionException'> (0x00000000eb507770) thrown at [C:\workspace\8-2-build-windows-amd64-cygwin\jdk8u31\2394\hotspot\src\share\vm\prims\jvm.cpp, line 1312]

Events (10 events):
Event: 3.219 Thread 0x00000000020a0800 DEOPT PACKING pc=0x0000000002728228 sp=0x0000000001fcdf80
Event: 3.219 Thread 0x00000000020a0800 DEOPT UNPACKING pc=0x00000000022c556a sp=0x0000000001fcdf28 mode 2
Event: 3.219 Thread 0x00000000020a0800 Uncommon trap: trap_request=0xffffffc6 fr.pc=0x0000000002728830
Event: 3.219 Thread 0x00000000020a0800 DEOPT PACKING pc=0x0000000002728830 sp=0x0000000001fcdf80
Event: 3.219 Thread 0x00000000020a0800 DEOPT UNPACKING pc=0x00000000022c556a sp=0x0000000001fcdf28 mode 2
Event: 3.279 Thread 0x0000000016688800 Uncommon trap: trap_request=0xffffffad fr.pc=0x00000000026173dc
Event: 3.279 Thread 0x0000000016688800 DEOPT PACKING pc=0x00000000026173dc sp=0x00000000172ae900
Event: 3.279 Thread 0x0000000016688800 DEOPT UNPACKING pc=0x00000000022c556a sp=0x00000000172ae8a0 mode 2
Event: 3.435 Executing VM operation: ParallelGCFailedAllocation
Event: 3.485 Executing VM operation: ParallelGCFailedAllocation done


Dynamic libraries:
0x00007ff6821d0000 - 0x00007ff682204000 	C:\Program Files\Java\jdk1.8.0_31\bin\java.exe
0x00007ffe05530000 - 0x00007ffe056dd000 	C:\Windows\SYSTEM32\ntdll.dll
0x00007ffe04ed0000 - 0x00007ffe0500e000 	C:\Windows\system32\KERNEL32.DLL
0x00007ffe02750000 - 0x00007ffe02865000 	C:\Windows\system32\KERNELBASE.dll
0x00007ffe01220000 - 0x00007ffe012ae000 	C:\Windows\system32\apphelp.dll
0x00007ffdf93e0000 - 0x00007ffdf9433000 	C:\Windows\AppPatch\AppPatch64\AcGenral.DLL
0x00007ffe05010000 - 0x00007ffe050ba000 	C:\Windows\system32\msvcrt.dll
0x00007ffe02520000 - 0x00007ffe0254e000 	C:\Windows\SYSTEM32\SspiCli.dll
0x00007ffe045c0000 - 0x00007ffe04614000 	C:\Windows\system32\SHLWAPI.dll
0x00007ffe050c0000 - 0x00007ffe05237000 	C:\Windows\system32\USER32.dll
0x00007ffe049f0000 - 0x00007ffe04b84000 	C:\Windows\system32\ole32.dll
0x00007ffe03080000 - 0x00007ffe045aa000 	C:\Windows\system32\SHELL32.dll
0x00007ffe01c50000 - 0x00007ffe01c71000 	C:\Windows\SYSTEM32\USERENV.dll
0x00007ffe02fd0000 - 0x00007ffe0307a000 	C:\Windows\system32\ADVAPI32.dll
0x00007ffdfd360000 - 0x00007ffdfd37e000 	C:\Windows\SYSTEM32\MPR.dll
0x00007ffe046a0000 - 0x00007ffe047e1000 	C:\Windows\system32\RPCRT4.dll
0x00007ffe04b90000 - 0x00007ffe04be9000 	C:\Windows\SYSTEM32\sechost.dll
0x00007ffe04bf0000 - 0x00007ffe04e01000 	C:\Windows\SYSTEM32\combase.dll
0x00007ffe05240000 - 0x00007ffe05390000 	C:\Windows\system32\GDI32.dll
0x00007ffe02680000 - 0x00007ffe02695000 	C:\Windows\SYSTEM32\profapi.dll
0x00007ffe00bf0000 - 0x00007ffe00ca2000 	C:\Windows\SYSTEM32\SHCORE.dll
0x00007ffe054f0000 - 0x00007ffe05526000 	C:\Windows\system32\IMM32.DLL
0x00007ffe05390000 - 0x00007ffe054e2000 	C:\Windows\system32\MSCTF.dll
0x00007ffdff680000 - 0x00007ffdff8fb000 	C:\Windows\WinSxS\amd64_microsoft.windows.common-controls_6595b64144ccf1df_6.0.9600.18006_none_623f33d3ecbe86e8\COMCTL32.dll
0x00000000667f0000 - 0x00000000668c2000 	C:\Program Files\Java\jdk1.8.0_31\jre\bin\msvcr100.dll
0x0000000066c70000 - 0x00000000674ca000 	C:\Program Files\Java\jdk1.8.0_31\jre\bin\server\jvm.dll
0x00007ffdfb2a0000 - 0x00007ffdfb2a9000 	C:\Windows\SYSTEM32\WSOCK32.dll
0x00007ffdfe830000 - 0x00007ffdfe852000 	C:\Windows\SYSTEM32\WINMM.dll
0x00007ffe04800000 - 0x00007ffe04807000 	C:\Windows\system32\PSAPI.DLL
0x00007ffe04620000 - 0x00007ffe0467a000 	C:\Windows\system32\WS2_32.dll
0x00007ffdfd430000 - 0x00007ffdfd45a000 	C:\Windows\SYSTEM32\WINMMBASE.dll
0x00007ffe045b0000 - 0x00007ffe045b9000 	C:\Windows\system32\NSI.dll
0x00007ffe02870000 - 0x00007ffe028bf000 	C:\Windows\SYSTEM32\cfgmgr32.dll
0x00007ffe01490000 - 0x00007ffe014b8000 	C:\Windows\SYSTEM32\DEVOBJ.dll
0x0000000066c60000 - 0x0000000066c6f000 	C:\Program Files\Java\jdk1.8.0_31\jre\bin\verify.dll
0x0000000066c30000 - 0x0000000066c58000 	C:\Program Files\Java\jdk1.8.0_31\jre\bin\java.dll
0x0000000066c10000 - 0x0000000066c26000 	C:\Program Files\Java\jdk1.8.0_31\jre\bin\zip.dll

VM Arguments:
jvm_args: -Djava.awt.headless=true -Xmx1024M -Dfile.encoding=windows-1252 -Duser.country=BR -Duser.language=pt -Duser.variant 
java_command: com.android.dx.command.Main --dex --num-threads=4 --output C:\Users\William\AndroidStudioProjects\ThingsFive\app\build\intermediates\pre-dexed\debug\com.android.support-support-v4-23.2.0_a85a264eda3421d563aa0dad04f235fce8da3f6b.jar C:\Users\William\AndroidStudioProjects\ThingsFive\app\build\intermediates\exploded-aar\com.android.support\support-v4\23.2.0\jars\classes.jar
java_class_path (initial): C:\Users\William\AppData\Local\Android\android-sdk\build-tools\23.0.2\lib\dx.jar
Launcher Type: SUN_STANDARD

Environment Variables:
PATH=C:\ProgramData\Oracle\Java\javapath;C:\Windows\system32;C:\Windows;C:\Windows\System32\Wbem;C:\Windows\System32\WindowsPowerShell\v1.0\;C:\Program Files (x86)\ATI Technologies\ATI.ACE\Core-Static;C:\Program Files (x86)\Windows Live\Shared;C:\Program Files (x86)\Skype\Phone\;C:\Program Files\Java\jdk1.8.0_31\bin
USERNAME=William
OS=Windows_NT
PROCESSOR_IDENTIFIER=Intel64 Family 6 Model 42 Stepping 7, GenuineIntel



---------------  S Y S T E M  ---------------

OS: Windows 8.1 , 64 bit Build 9600 

CPU:total 4 (2 cores per cpu, 2 threads per core) family 6 model 42 stepping 7, cmov, cx8, fxsr, mmx, sse, sse2, sse3, ssse3, sse4.1, sse4.2, popcnt, avx, aes, clmul, ht, tsc, tscinvbit

Memory: 4k page, physical 4140908k(396684k free), swap 4140908k(5120k free)

vm_info: Java HotSpot(TM) 64-Bit Server VM (25.31-b07) for windows-amd64 JRE (1.8.0_31-b13), built on Dec 17 2014 21:00:28 by "java_re" with MS VC++ 10.0 (VS2010)

time: Fri Mar 11 17:10:19 2016
elapsed time: 3 seconds (0d 0h 0m 3s)

